<?xml version="1.0" encoding="UTF-8"?>
<!-- Generated by org.testng.reporters.JUnitXMLReporter -->
<testsuite hostname="harri1" name="sample test" tests="1" failures="0" timestamp="5 Aug 2015 13:50:50 GMT" time="0.431" errors="0">
  <testcase name="@BeforeClass initializeTestBaseSetup" time="0.0" classname="com.pack.common.tests.EmployerQuickRegTest">
    <failure type="java.lang.NoClassDefFoundError" message="com/google/gson/JsonParseException">
      <![CDATA[java.lang.NoClassDefFoundError: com/google/gson/JsonParseException
	at org.openqa.selenium.remote.http.JsonHttpCommandCodec.<init>(JsonHttpCommandCodec.java:47)
	at org.openqa.selenium.remote.HttpCommandExecutor.<init>(HttpCommandExecutor.java:93)
	at org.openqa.selenium.remote.HttpCommandExecutor.<init>(HttpCommandExecutor.java:81)
	at org.openqa.selenium.remote.service.DriverCommandExecutor.<init>(DriverCommandExecutor.java:46)
	at org.openqa.selenium.chrome.ChromeDriver.<init>(ChromeDriver.java:171)
	at org.openqa.selenium.chrome.ChromeDriver.<init>(ChromeDriver.java:160)
	at org.openqa.selenium.chrome.ChromeDriver.<init>(ChromeDriver.java:117)
	at com.pack.base.TestBaseSetup.initChromeDriver(TestBaseSetup.java:38)
	at com.pack.base.TestBaseSetup.setDriver(TestBaseSetup.java:22)
	at com.pack.base.TestBaseSetup.initializeTestBaseSetup(TestBaseSetup.java:62)
Caused by: java.lang.ClassNotFoundException: com.google.gson.JsonParseException
	at java.net.URLClassLoader.findClass(Unknown Source)
	at java.lang.ClassLoader.loadClass(Unknown Source)
	at sun.misc.Launcher$AppClassLoader.loadClass(Unknown Source)
	at java.lang.ClassLoader.loadClass(Unknown Source)
	... 34 more
... Removed 24 stack frames]]>
    </failure>
  </testcase> <!-- @BeforeClass initializeTestBaseSetup -->
  <testcase name="@BeforeClass setUp" time="0.0" classname="com.pack.common.tests.EmployerQuickRegTest">
    <skipped/>
  </testcase> <!-- @BeforeClass setUp -->
  <testcase name="@AfterClass tearDown" time="0.0" classname="com.pack.common.tests.EmployerQuickRegTest">
    <skipped/>
  </testcase> <!-- @AfterClass tearDown -->
  <testcase name="TestEmpQuickRegFullstages" time="0.0" classname="com.pack.common.tests.EmployerQuickRegTest">
    <skipped/>
  </testcase> <!-- TestEmpQuickRegFullstages -->
</testsuite> <!-- sample test -->
